     1                                  bits 32 ; assembling for the 32 bits architecture
     2                                  
     3                                  ; declare the EntryPoint (a label defining the very first instruction of the program)
     4                                  global start        
     5                                  
     6                                  ; declare external functions needed by our program
     7                                  extern exit               ; tell nasm that exit exists even if we won't be defining it
     8                                  import exit msvcrt.dll    ; exit is a function that ends the calling process. It is defined in msvcrt.dll
     9                                                            ; msvcrt.dll contains exit, printf and all the other important C-runtime specific functions
    10                                  
    11                                  ; our data is declared here (the variables needed by our program)
    12                                  segment data use32 class=data
    13                                      ; ...
    14 00000000 61416242322578              s db 'a', 'A', 'b', 'B', '2', '%', 'x'
    15                                      l equ $-s
    16 00000007 00<rept>                    d times l db 0
    17                                  ; our code starts here
    18                                  segment code use32 class=code
    19                                      start:
    20                                          ; ...
    21 00000000 B907000000                      mov ecx, l
    22 00000005 BE00000000                      mov esi, 0
    23 0000000A BF00000000                      mov edi, 0
    24                                          
    25 0000000F E318                            jecxz Sfarsit
    26                                          Repeta:
    27 00000011 8A86[00000000]                      mov al, [s+esi]
    28 00000017 3C61                                cmp al,'a'
    29 00000019 720B                                jb Skip
    30 0000001B 3C7A                                cmp al,'z'
    31 0000001D 7707                                ja Skip
    32 0000001F 8887[07000000]                      mov [d+edi],al
    33 00000025 47                                  inc edi
    34                                              Skip
    34          ******************       warning: label alone on a line without a colon might be in error [-w+orphan-labels]
    35 00000026 46                                  inc esi
    36 00000027 E2E8                            loop Repeta
    37                                          Sfarsit:
    38                                          ; exit(0)
    39 00000029 6A00                            push    dword 0      ; push the parameter for exit onto the stack
    40 0000002B FF15[00000000]                  call    [exit]       ; call exit to terminate the program
